#
# A fatal error has been detected by the Java Runtime Environment:
#
#  Internal Error (classFileParser.cpp:3075), pid=4484, tid=3932
#  Error: ShouldNotReachHere()
#
# JRE version: 6.0_17-b04
# Java VM: Java HotSpot(TM) Client VM (14.3-b01 mixed mode windows-x86 )
# If you would like to submit a bug report, please visit:
#   http://java.sun.com/webapps/bugreport/crash.jsp
#

---------------  T H R E A D  ---------------

Current thread (0x0028a000):  JavaThread "Unknown thread" [_thread_in_vm, id=3932, stack(0x003b0000,0x00400000)]

Stack: [0x003b0000,0x00400000],  sp=0x003ff8f8,  free space=318k
Native frames: (J=compiled Java code, j=interpreted, Vv=VM code, C=native code)
V  [jvm.dll+0x1e66b7]
V  [jvm.dll+0xa0c09]
V  [jvm.dll+0x73792]
V  [jvm.dll+0x74e04]
V  [jvm.dll+0x1b6326]
V  [jvm.dll+0x1b69be]
V  [jvm.dll+0x1b6d75]
V  [jvm.dll+0x1b6dbb]
V  [jvm.dll+0x1b6ee2]
V  [jvm.dll+0x1b6f5a]
V  [jvm.dll+0x1b700d]
V  [jvm.dll+0x1b7222]
V  [jvm.dll+0x1d6143]
V  [jvm.dll+0x1d657c]
V  [jvm.dll+0xd66f1]
V  [jvm.dll+0x1d05d2]
V  [jvm.dll+0xfedc0]
C  [javaw.exe+0x1657]
C  [javaw.exe+0x1e2c]
C  [javaw.exe+0x833e]
C  [kernel32.dll+0x51154]
C  [ntdll.dll+0x5b299]
C  [ntdll.dll+0x5b26c]


---------------  P R O C E S S  ---------------

Java Threads: ( => current thread )

Other Threads:

=>0x0028a000 (exited) JavaThread "Unknown thread" [_thread_in_vm, id=3932, stack(0x003b0000,0x00400000)]

VM state:not at safepoint (not fully initialized)

VM Mutex/Monitor currently owned by a thread: None

Dynamic libraries:
0x00400000 - 0x00424000 	C:\Program Files\Java\jdk1.6.0_17\bin\javaw.exe
0x77bb0000 - 0x77cec000 	C:\Windows\SYSTEM32\ntdll.dll
0x75f10000 - 0x75fe4000 	C:\Windows\system32\kernel32.dll
0x75b00000 - 0x75b4b000 	C:\Windows\system32\KERNELBASE.dll
0x76550000 - 0x765f0000 	C:\Windows\system32\ADVAPI32.dll
0x75ff0000 - 0x7609c000 	C:\Windows\system32\msvcrt.dll
0x76850000 - 0x76869000 	C:\Windows\SYSTEM32\sechost.dll
0x76720000 - 0x767c1000 	C:\Windows\system32\RPCRT4.dll
0x765f0000 - 0x766b9000 	C:\Windows\system32\USER32.dll
0x76910000 - 0x7695e000 	C:\Windows\system32\GDI32.dll
0x77cf0000 - 0x77cfa000 	C:\Windows\system32\LPK.dll
0x76870000 - 0x7690d000 	C:\Windows\system32\USP10.dll
0x758e0000 - 0x7592b000 	C:\Windows\system32\apphelp.dll
0x62f50000 - 0x62fdc000 	C:\Windows\AppPatch\AcLayers.DLL
0x758c0000 - 0x758da000 	C:\Windows\system32\SspiCli.dll
0x76c00000 - 0x77849000 	C:\Windows\system32\SHELL32.dll
0x766c0000 - 0x76717000 	C:\Windows\system32\SHLWAPI.dll
0x76960000 - 0x76abc000 	C:\Windows\system32\ole32.dll
0x764c0000 - 0x7654f000 	C:\Windows\system32\OLEAUT32.dll
0x75010000 - 0x75027000 	C:\Windows\system32\USERENV.dll
0x759f0000 - 0x759fb000 	C:\Windows\system32\profapi.dll
0x6c5b0000 - 0x6c601000 	C:\Windows\system32\WINSPOOL.DRV
0x6d9f0000 - 0x6da02000 	C:\Windows\system32\MPR.dll
0x77dc0000 - 0x77ddf000 	C:\Windows\system32\IMM32.DLL
0x763f0000 - 0x764bc000 	C:\Windows\system32\MSCTF.dll
0x759b0000 - 0x759e8000 	C:\Windows\system32\nvinit.dll
0x7c340000 - 0x7c396000 	C:\Program Files\Java\jdk1.6.0_17\jre\bin\msvcr71.dll
0x018a0000 - 0x01b2b000 	C:\Program Files\Java\jdk1.6.0_17\jre\bin\client\jvm.dll
0x75d50000 - 0x75d82000 	C:\Windows\system32\WINMM.dll
0x6d860000 - 0x6d86c000 	C:\Program Files\Java\jdk1.6.0_17\jre\bin\verify.dll
0x6d3e0000 - 0x6d3ff000 	C:\Program Files\Java\jdk1.6.0_17\jre\bin\java.dll
0x6d340000 - 0x6d348000 	C:\Program Files\Java\jdk1.6.0_17\jre\bin\hpi.dll
0x77d70000 - 0x77d75000 	C:\Windows\system32\PSAPI.DLL
0x6d8a0000 - 0x6d8af000 	C:\Program Files\Java\jdk1.6.0_17\jre\bin\zip.dll

VM Arguments:
jvm_args: -Dfile.encoding=UTF-8 -Xbootclasspath:D:\tools\sdk\platforms\android-17\android.jar 
java_command: com.ymdq.thy.ui.propertyservice.tes
Launcher Type: SUN_STANDARD

Environment Variables:
JAVA_HOME=C:\Program Files\Java\jdk1.6.0_17
CLASSPATH=C:\Program Files\Java\jdk1.6.0_17\lib\dt.jar;C:\Program Files\Java\jdk1.6.0_17\lib\tools.jar;
PATH=C:/Program Files/Java/jdk1.6.0_17/bin/../jre/bin/client;C:/Program Files/Java/jdk1.6.0_17/bin/../jre/bin;C:/Program Files/Java/jdk1.6.0_17/bin/../jre/lib/i386;c:\program files\graphicsmagick-1.3.19-q16;C:\Program Files\Common Files\NetSarang;D:\tools\sybase\RPL-12_5\bin;D:\tools\sybase\Shared\Sybase Central 4.3;D:\tools\sybase\OCS-12_5\lib3p;D:\tools\sybase\OCS-12_5\dll;D:\tools\sybase\OCS-12_5\bin;D:\tools\sybase\ASE-12_5\dll;D:\tools\sybase\ASE-12_5\bin;D:\tools\sdk\platform-tools;D:\app\tgf\product\11.2.0\client_2\bin;.;C:\Program Files\Java\jdk1.6.0_17\bin;C:\Windows\system32;C:\Windows;C:\Windows\System32\Wbem;C:\Windows\System32\WindowsPowerShell\v1.0\;D:\tools\TortoiseSVN\bin;D:\tools\SSH Communications Security\SSH Secure Shell;D:\tools\nodejs\;D:\tools\Heroku\bin;C:\Program Files\ruby-1.9.2\bin;C:\Program Files\git\bin;C:\Program Files\git\cmd;D:\Server\maven\bin;D:\tools\SSH Communications Security\SSH Secure Shell;C:\Users\tgf\AppData\Roaming\npm;D:\tools\eclipse;
USERNAME=tgf
OS=Windows_NT
PROCESSOR_IDENTIFIER=x86 Family 6 Model 37 Stepping 5, GenuineIntel



---------------  S Y S T E M  ---------------

OS: Windows 7 Build 7600 

CPU:total 4 (8 cores per cpu, 2 threads per core) family 6 model 37 stepping 5, cmov, cx8, fxsr, mmx, sse, sse2, sse3, ssse3, sse4.1, sse4.2, ht

Memory: 4k page, physical 2097151k(931576k free), swap 4194303k(3790484k free)

vm_info: Java HotSpot(TM) Client VM (14.3-b01) for windows-x86 JRE (1.6.0_17-b04), built on Oct 11 2009 00:52:06 by "java_re" with MS VC++ 7.1

time: Mon Nov 16 12:00:34 2015
elapsed time: 0 seconds

